{"contracts/bridge/CrossChainRelay.sol":{"l":{"47":1,"61":31,"62":31,"64":31,"66":31,"67":31,"68":31,"82":5,"84":5,"85":5,"86":5,"87":4,"88":3,"89":3,"90":3,"95":5,"96":2,"97":2,"98":2,"99":2,"102":5,"118":5,"120":5,"128":5,"129":5,"134":5,"144":13,"145":2,"148":11,"149":11,"150":2,"154":9,"158":9,"161":1,"165":8,"166":3,"170":5,"184":5,"185":5,"187":5,"192":5,"207":12,"208":1,"210":11,"211":11,"225":9,"226":1,"228":8,"229":8,"238":1,"248":1},"path":"/home/kc/Workstation/hack/raizo/contracts/bridge/CrossChainRelay.sol","s":{"1":1,"2":31,"3":31,"4":31,"5":5,"6":5,"7":5,"8":5,"9":4,"10":5,"11":5,"12":5,"13":5,"14":5,"15":5,"16":13,"17":11,"18":11,"19":9,"20":9,"21":8,"22":5,"23":5,"24":5,"25":5,"26":12,"27":11,"28":9,"29":8,"30":1,"31":1},"b":{"1":[31,2],"2":[3,1],"3":[2,3],"4":[2,11],"5":[2,9],"6":[1,8],"7":[3,5],"8":[1,11],"9":[1,8],"10":[1,1]},"f":{"1":1,"2":31,"3":5,"4":13,"5":12,"6":9,"7":1,"8":1,"9":1},"fnMap":{"1":{"name":"constructor","line":46,"loc":{"start":{"line":46,"column":4},"end":{"line":48,"column":4}}},"2":{"name":"initialize","line":60,"loc":{"start":{"line":56,"column":4},"end":{"line":69,"column":4}}},"3":{"name":"sendAlert","line":74,"loc":{"start":{"line":74,"column":4},"end":{"line":135,"column":4}}},"4":{"name":"ccipReceive","line":140,"loc":{"start":{"line":140,"column":4},"end":{"line":197,"column":4}}},"5":{"name":"whitelistSourceChain","line":206,"loc":{"start":{"line":206,"column":4},"end":{"line":212,"column":4}}},"6":{"name":"whitelistSourceSender","line":220,"loc":{"start":{"line":220,"column":4},"end":{"line":230,"column":4}}},"7":{"name":"isSourceChainWhitelisted","line":235,"loc":{"start":{"line":235,"column":4},"end":{"line":239,"column":4}}},"8":{"name":"isSourceSenderWhitelisted","line":244,"loc":{"start":{"line":244,"column":4},"end":{"line":249,"column":4}}},"9":{"name":"_authorizeUpgrade","line":253,"loc":{"start":{"line":251,"column":4},"end":{"line":253,"column":54}}}},"statementMap":{"1":{"start":{"line":47,"column":8},"end":{"line":47,"column":29}},"2":{"start":{"line":61,"column":8},"end":{"line":61,"column":29}},"3":{"start":{"line":62,"column":8},"end":{"line":62,"column":31}},"4":{"start":{"line":64,"column":8},"end":{"line":64,"column":49}},"5":{"start":{"line":82,"column":8},"end":{"line":82,"column":2512}},"6":{"start":{"line":84,"column":8},"end":{"line":84,"column":51}},"7":{"start":{"line":85,"column":8},"end":{"line":85,"column":26}},"8":{"start":{"line":86,"column":8},"end":{"line":86,"column":2675}},"9":{"start":{"line":87,"column":12},"end":{"line":87,"column":2741}},"10":{"start":{"line":95,"column":8},"end":{"line":95,"column":2991}},"11":{"start":{"line":102,"column":8},"end":{"line":102,"column":3213}},"12":{"start":{"line":118,"column":8},"end":{"line":118,"column":47}},"13":{"start":{"line":120,"column":8},"end":{"line":120,"column":4001}},"14":{"start":{"line":128,"column":8},"end":{"line":128,"column":70}},"15":{"start":{"line":134,"column":8},"end":{"line":134,"column":62}},"16":{"start":{"line":144,"column":8},"end":{"line":144,"column":4816}},"17":{"start":{"line":148,"column":8},"end":{"line":148,"column":62}},"18":{"start":{"line":149,"column":8},"end":{"line":149,"column":5034}},"19":{"start":{"line":154,"column":8},"end":{"line":154,"column":5207}},"20":{"start":{"line":158,"column":8},"end":{"line":158,"column":5364}},"21":{"start":{"line":165,"column":8},"end":{"line":165,"column":5553}},"22":{"start":{"line":170,"column":8},"end":{"line":170,"column":5731}},"23":{"start":{"line":185,"column":8},"end":{"line":185,"column":37}},"24":{"start":{"line":187,"column":8},"end":{"line":187,"column":6417}},"25":{"start":{"line":192,"column":8},"end":{"line":192,"column":6557}},"26":{"start":{"line":207,"column":8},"end":{"line":207,"column":7025}},"27":{"start":{"line":211,"column":8},"end":{"line":211,"column":59}},"28":{"start":{"line":225,"column":8},"end":{"line":225,"column":7689}},"29":{"start":{"line":229,"column":8},"end":{"line":229,"column":68}},"30":{"start":{"line":238,"column":8},"end":{"line":238,"column":54}},"31":{"start":{"line":248,"column":8},"end":{"line":248,"column":63}}},"branchMap":{"1":{"line":60,"type":"if","locations":[{"start":{"line":60,"column":13},"end":{"line":60,"column":13}},{"start":{"line":60,"column":13},"end":{"line":60,"column":13}}]},"2":{"line":87,"type":"if","locations":[{"start":{"line":87,"column":12},"end":{"line":87,"column":12}},{"start":{"line":87,"column":12},"end":{"line":87,"column":12}}]},"3":{"line":95,"type":"if","locations":[{"start":{"line":95,"column":8},"end":{"line":95,"column":8}},{"start":{"line":95,"column":8},"end":{"line":95,"column":8}}]},"4":{"line":144,"type":"if","locations":[{"start":{"line":144,"column":8},"end":{"line":144,"column":8}},{"start":{"line":144,"column":8},"end":{"line":144,"column":8}}]},"5":{"line":149,"type":"if","locations":[{"start":{"line":149,"column":8},"end":{"line":149,"column":8}},{"start":{"line":149,"column":8},"end":{"line":149,"column":8}}]},"6":{"line":158,"type":"if","locations":[{"start":{"line":158,"column":8},"end":{"line":158,"column":8}},{"start":{"line":158,"column":8},"end":{"line":158,"column":8}}]},"7":{"line":165,"type":"if","locations":[{"start":{"line":165,"column":8},"end":{"line":165,"column":8}},{"start":{"line":165,"column":8},"end":{"line":165,"column":8}}]},"8":{"line":207,"type":"if","locations":[{"start":{"line":207,"column":8},"end":{"line":207,"column":8}},{"start":{"line":207,"column":8},"end":{"line":207,"column":8}}]},"9":{"line":225,"type":"if","locations":[{"start":{"line":225,"column":8},"end":{"line":225,"column":8}},{"start":{"line":225,"column":8},"end":{"line":225,"column":8}}]},"10":{"line":253,"type":"if","locations":[{"start":{"line":253,"column":24},"end":{"line":253,"column":24}},{"start":{"line":253,"column":24},"end":{"line":253,"column":24}}]}}},"contracts/bridge/interfaces/ICrossChainRelay.sol":{"l":{},"path":"/home/kc/Workstation/hack/raizo/contracts/bridge/interfaces/ICrossChainRelay.sol","s":{},"b":{},"f":{},"fnMap":{},"statementMap":{},"branchMap":{}},"contracts/core/ComplianceVault.sol":{"l":{"24":27,"37":42,"41":5,"43":37,"44":36,"45":2,"47":34,"48":2,"51":32,"60":32,"61":32,"62":32,"63":32,"65":32,"74":4,"75":4,"76":1,"78":3,"87":3,"88":3,"91":3,"92":3,"94":3,"103":6,"104":6,"107":6,"108":5,"110":6,"117":3},"path":"/home/kc/Workstation/hack/raizo/contracts/core/ComplianceVault.sol","s":{"1":27,"2":42,"3":37,"4":36,"5":34,"6":32,"7":32,"8":32,"9":32,"10":32,"11":4,"12":4,"13":3,"14":3,"15":3,"16":3,"17":3,"18":6,"19":6,"20":6,"21":6,"22":3},"b":{"1":[5,37],"2":[1,36],"3":[2,34],"4":[2,32],"5":[1,1],"6":[1,3]},"f":{"1":27,"2":42,"3":4,"4":3,"5":6,"6":3},"fnMap":{"1":{"name":"constructor","line":23,"loc":{"start":{"line":23,"column":4},"end":{"line":25,"column":4}}},"2":{"name":"storeReport","line":30,"loc":{"start":{"line":30,"column":4},"end":{"line":66,"column":4}}},"3":{"name":"getReport","line":71,"loc":{"start":{"line":71,"column":4},"end":{"line":79,"column":4}}},"4":{"name":"getReportsByType","line":84,"loc":{"start":{"line":84,"column":4},"end":{"line":95,"column":4}}},"5":{"name":"getReportsByChain","line":100,"loc":{"start":{"line":100,"column":4},"end":{"line":111,"column":4}}},"6":{"name":"getReportCount","line":116,"loc":{"start":{"line":116,"column":4},"end":{"line":118,"column":4}}}},"statementMap":{"1":{"start":{"line":24,"column":8},"end":{"line":24,"column":49}},"2":{"start":{"line":37,"column":8},"end":{"line":37,"column":1147}},"3":{"start":{"line":43,"column":8},"end":{"line":43,"column":58}},"4":{"start":{"line":44,"column":8},"end":{"line":44,"column":1428}},"5":{"start":{"line":47,"column":8},"end":{"line":47,"column":1551}},"6":{"start":{"line":51,"column":8},"end":{"line":51,"column":1663}},"7":{"start":{"line":61,"column":8},"end":{"line":61,"column":37}},"8":{"start":{"line":62,"column":8},"end":{"line":62,"column":50}},"9":{"start":{"line":63,"column":8},"end":{"line":63,"column":48}},"10":{"start":{"line":65,"column":8},"end":{"line":65,"column":67}},"11":{"start":{"line":74,"column":8},"end":{"line":74,"column":61}},"12":{"start":{"line":75,"column":8},"end":{"line":75,"column":2430}},"13":{"start":{"line":78,"column":8},"end":{"line":78,"column":21}},"14":{"start":{"line":87,"column":8},"end":{"line":87,"column":60}},"15":{"start":{"line":88,"column":8},"end":{"line":88,"column":2802}},"16":{"start":{"line":91,"column":8},"end":{"line":91,"column":2905}},"17":{"start":{"line":94,"column":8},"end":{"line":94,"column":21}},"18":{"start":{"line":103,"column":8},"end":{"line":103,"column":58}},"19":{"start":{"line":104,"column":8},"end":{"line":104,"column":3279}},"20":{"start":{"line":107,"column":8},"end":{"line":107,"column":3382}},"21":{"start":{"line":110,"column":8},"end":{"line":110,"column":21}},"22":{"start":{"line":117,"column":8},"end":{"line":117,"column":35}}},"branchMap":{"1":{"line":37,"type":"if","locations":[{"start":{"line":37,"column":8},"end":{"line":37,"column":8}},{"start":{"line":37,"column":8},"end":{"line":37,"column":8}}]},"2":{"line":43,"type":"if","locations":[{"start":{"line":43,"column":8},"end":{"line":43,"column":8}},{"start":{"line":43,"column":8},"end":{"line":43,"column":8}}]},"3":{"line":44,"type":"if","locations":[{"start":{"line":44,"column":8},"end":{"line":44,"column":8}},{"start":{"line":44,"column":8},"end":{"line":44,"column":8}}]},"4":{"line":47,"type":"if","locations":[{"start":{"line":47,"column":8},"end":{"line":47,"column":8}},{"start":{"line":47,"column":8},"end":{"line":47,"column":8}}]},"5":{"line":47,"type":"cond-expr","locations":[{"start":{"line":47,"column":12},"end":{"line":47,"column":26}},{"start":{"line":47,"column":31},"end":{"line":47,"column":44}}]},"6":{"line":75,"type":"if","locations":[{"start":{"line":75,"column":8},"end":{"line":75,"column":8}},{"start":{"line":75,"column":8},"end":{"line":75,"column":8}}]}}},"contracts/core/GovernanceGate.sol":{"l":{"29":1,"37":28,"38":28,"40":28,"41":28,"68":22,"71":21,"80":16,"82":16,"83":16,"94":16,"113":17,"114":17,"115":2,"116":15,"117":15,"120":13,"131":12,"133":12,"134":10,"136":2,"139":12,"148":6,"149":6,"150":5,"151":1,"152":4,"153":1,"155":3,"156":3,"165":13},"path":"/home/kc/Workstation/hack/raizo/contracts/core/GovernanceGate.sol","s":{"1":1,"2":28,"3":28,"4":28,"5":22,"6":21,"7":16,"8":17,"9":17,"10":15,"11":15,"12":13,"13":12,"14":12,"15":6,"16":6,"17":5,"18":4,"19":3,"20":13},"b":{"1":[28,2],"2":[1,1],"3":[1,21],"4":[2,15],"5":[0,15],"6":[2,13],"7":[10,2],"8":[1,5],"9":[1,4],"10":[1,3]},"f":{"1":1,"2":28,"3":1,"4":22,"5":17,"6":6,"7":13},"fnMap":{"1":{"name":"constructor","line":28,"loc":{"start":{"line":28,"column":4},"end":{"line":30,"column":4}}},"2":{"name":"initialize","line":36,"loc":{"start":{"line":36,"column":4},"end":{"line":42,"column":4}}},"3":{"name":"_authorizeUpgrade","line":49,"loc":{"start":{"line":47,"column":4},"end":{"line":49,"column":54}}},"4":{"name":"propose","line":62,"loc":{"start":{"line":62,"column":4},"end":{"line":95,"column":4}}},"5":{"name":"vote","line":106,"loc":{"start":{"line":106,"column":4},"end":{"line":140,"column":4}}},"6":{"name":"execute","line":147,"loc":{"start":{"line":147,"column":4},"end":{"line":157,"column":4}}},"7":{"name":"getProposal","line":162,"loc":{"start":{"line":162,"column":4},"end":{"line":166,"column":4}}}},"statementMap":{"1":{"start":{"line":29,"column":8},"end":{"line":29,"column":29}},"2":{"start":{"line":37,"column":8},"end":{"line":37,"column":29}},"3":{"start":{"line":38,"column":8},"end":{"line":38,"column":31}},"4":{"start":{"line":40,"column":8},"end":{"line":40,"column":49}},"5":{"start":{"line":68,"column":8},"end":{"line":68,"column":79}},"6":{"start":{"line":71,"column":8},"end":{"line":71,"column":2414}},"7":{"start":{"line":94,"column":8},"end":{"line":94,"column":69}},"8":{"start":{"line":113,"column":8},"end":{"line":113,"column":58}},"9":{"start":{"line":114,"column":8},"end":{"line":114,"column":3910}},"10":{"start":{"line":116,"column":8},"end":{"line":116,"column":73}},"11":{"start":{"line":117,"column":8},"end":{"line":117,"column":79}},"12":{"start":{"line":120,"column":8},"end":{"line":120,"column":4203}},"13":{"start":{"line":133,"column":8},"end":{"line":133,"column":4558}},"14":{"start":{"line":139,"column":8},"end":{"line":139,"column":54}},"15":{"start":{"line":148,"column":8},"end":{"line":148,"column":58}},"16":{"start":{"line":149,"column":8},"end":{"line":149,"column":73}},"17":{"start":{"line":150,"column":8},"end":{"line":150,"column":5160}},"18":{"start":{"line":152,"column":8},"end":{"line":152,"column":5257}},"19":{"start":{"line":156,"column":8},"end":{"line":156,"column":41}},"20":{"start":{"line":165,"column":8},"end":{"line":165,"column":37}}},"branchMap":{"1":{"line":36,"type":"if","locations":[{"start":{"line":36,"column":49},"end":{"line":36,"column":49}},{"start":{"line":36,"column":49},"end":{"line":36,"column":49}}]},"2":{"line":49,"type":"if","locations":[{"start":{"line":49,"column":24},"end":{"line":49,"column":24}},{"start":{"line":49,"column":24},"end":{"line":49,"column":24}}]},"3":{"line":68,"type":"if","locations":[{"start":{"line":68,"column":8},"end":{"line":68,"column":8}},{"start":{"line":68,"column":8},"end":{"line":68,"column":8}}]},"4":{"line":114,"type":"if","locations":[{"start":{"line":114,"column":8},"end":{"line":114,"column":8}},{"start":{"line":114,"column":8},"end":{"line":114,"column":8}}]},"5":{"line":116,"type":"if","locations":[{"start":{"line":116,"column":8},"end":{"line":116,"column":8}},{"start":{"line":116,"column":8},"end":{"line":116,"column":8}}]},"6":{"line":117,"type":"if","locations":[{"start":{"line":117,"column":8},"end":{"line":117,"column":8}},{"start":{"line":117,"column":8},"end":{"line":117,"column":8}}]},"7":{"line":133,"type":"if","locations":[{"start":{"line":133,"column":8},"end":{"line":133,"column":8}},{"start":{"line":133,"column":8},"end":{"line":133,"column":8}}]},"8":{"line":149,"type":"if","locations":[{"start":{"line":149,"column":8},"end":{"line":149,"column":8}},{"start":{"line":149,"column":8},"end":{"line":149,"column":8}}]},"9":{"line":150,"type":"if","locations":[{"start":{"line":150,"column":8},"end":{"line":150,"column":8}},{"start":{"line":150,"column":8},"end":{"line":150,"column":8}}]},"10":{"line":152,"type":"if","locations":[{"start":{"line":152,"column":8},"end":{"line":152,"column":8}},{"start":{"line":152,"column":8},"end":{"line":152,"column":8}}]}}},"contracts/core/interfaces/IComplianceVault.sol":{"l":{},"path":"/home/kc/Workstation/hack/raizo/contracts/core/interfaces/IComplianceVault.sol","s":{},"b":{},"f":{},"fnMap":{},"statementMap":{},"branchMap":{}},"contracts/core/interfaces/IGovernanceGate.sol":{"l":{},"path":"/home/kc/Workstation/hack/raizo/contracts/core/interfaces/IGovernanceGate.sol","s":{},"b":{},"f":{},"fnMap":{},"statementMap":{},"branchMap":{}},"contracts/core/interfaces/IPaymentEscrow.sol":{"l":{},"path":"/home/kc/Workstation/hack/raizo/contracts/core/interfaces/IPaymentEscrow.sol","s":{},"b":{},"f":{},"fnMap":{},"statementMap":{},"branchMap":{}},"contracts/core/interfaces/IRaizoCore.sol":{"l":{},"path":"/home/kc/Workstation/hack/raizo/contracts/core/interfaces/IRaizoCore.sol","s":{},"b":{},"f":{},"fnMap":{},"statementMap":{},"branchMap":{}},"contracts/core/interfaces/ISentinelActions.sol":{"l":{},"path":"/home/kc/Workstation/hack/raizo/contracts/core/interfaces/ISentinelActions.sol","s":{},"b":{},"f":{},"fnMap":{},"statementMap":{},"branchMap":{}},"contracts/core/interfaces/IWorldID.sol":{"l":{},"path":"/home/kc/Workstation/hack/raizo/contracts/core/interfaces/IWorldID.sol","s":{},"b":{},"f":{},"fnMap":{},"statementMap":{},"branchMap":{}},"contracts/core/PaymentEscrow.sol":{"l":{"48":1,"57":53,"58":53,"59":53,"61":53,"62":53,"64":53,"65":53,"83":44,"84":44,"85":1,"87":43,"88":43,"90":43,"92":43,"103":3,"104":1,"106":2,"107":1,"114":1,"115":1,"117":1,"132":173,"133":15,"135":158,"137":152,"138":152,"141":151,"153":151,"154":151,"156":147,"159":139,"162":82,"163":2,"171":80,"172":80,"173":80,"175":80,"177":80,"186":11,"195":8,"196":8,"198":8,"199":8,"200":2,"203":8,"204":7,"215":139,"217":139,"218":32,"219":32,"220":32,"223":139,"224":57,"236":151,"254":151},"path":"/home/kc/Workstation/hack/raizo/contracts/core/PaymentEscrow.sol","s":{"1":1,"2":53,"3":53,"4":53,"5":53,"6":53,"7":44,"8":44,"9":43,"10":43,"11":3,"12":2,"13":1,"14":1,"15":173,"16":158,"17":152,"18":152,"19":151,"20":151,"21":151,"22":147,"23":139,"24":82,"25":80,"26":80,"27":11,"28":8,"29":8,"30":8,"31":8,"32":8,"33":1,"34":7,"35":139,"36":139,"37":32,"38":139,"39":151,"40":151},"b":{"1":[53,2],"2":[1,1],"3":[44,0],"4":[1,43],"5":[3,0],"6":[1,2],"7":[1,1],"8":[173,0],"9":[15,158],"10":[12,3],"11":[6,152],"12":[1,151],"13":[8,139],"14":[2,80],"15":[2,6],"16":[1,7],"17":[32,107],"18":[57,82]},"f":{"1":1,"2":53,"3":1,"4":44,"5":3,"6":173,"7":11,"8":8,"9":139,"10":151,"11":151},"fnMap":{"1":{"name":"constructor","line":47,"loc":{"start":{"line":47,"column":4},"end":{"line":49,"column":4}}},"2":{"name":"initialize","line":56,"loc":{"start":{"line":56,"column":4},"end":{"line":66,"column":4}}},"3":{"name":"_authorizeUpgrade","line":73,"loc":{"start":{"line":71,"column":4},"end":{"line":73,"column":54}}},"4":{"name":"deposit","line":81,"loc":{"start":{"line":78,"column":4},"end":{"line":93,"column":4}}},"5":{"name":"withdraw","line":102,"loc":{"start":{"line":98,"column":4},"end":{"line":118,"column":4}}},"6":{"name":"authorizePayment","line":131,"loc":{"start":{"line":123,"column":4},"end":{"line":178,"column":4}}},"7":{"name":"getWallet","line":183,"loc":{"start":{"line":183,"column":4},"end":{"line":187,"column":4}}},"8":{"name":"getDailyRemaining","line":192,"loc":{"start":{"line":192,"column":4},"end":{"line":205,"column":4}}},"9":{"name":"_enforceDailyLimit","line":210,"loc":{"start":{"line":210,"column":4},"end":{"line":230,"column":4}}},"10":{"name":"_domainSeparatorV4","line":235,"loc":{"start":{"line":235,"column":4},"end":{"line":246,"column":4}}},"11":{"name":"_hashTypedDataV4","line":251,"loc":{"start":{"line":251,"column":4},"end":{"line":255,"column":4}}}},"statementMap":{"1":{"start":{"line":48,"column":8},"end":{"line":48,"column":29}},"2":{"start":{"line":57,"column":8},"end":{"line":57,"column":29}},"3":{"start":{"line":58,"column":8},"end":{"line":58,"column":31}},"4":{"start":{"line":59,"column":8},"end":{"line":59,"column":31}},"5":{"start":{"line":61,"column":8},"end":{"line":61,"column":49}},"6":{"start":{"line":62,"column":8},"end":{"line":62,"column":46}},"7":{"start":{"line":83,"column":8},"end":{"line":83,"column":74}},"8":{"start":{"line":84,"column":8},"end":{"line":84,"column":2855}},"9":{"start":{"line":90,"column":8},"end":{"line":90,"column":63}},"10":{"start":{"line":92,"column":8},"end":{"line":92,"column":51}},"11":{"start":{"line":103,"column":8},"end":{"line":103,"column":3306}},"12":{"start":{"line":106,"column":8},"end":{"line":106,"column":3431}},"13":{"start":{"line":115,"column":8},"end":{"line":115,"column":36}},"14":{"start":{"line":117,"column":8},"end":{"line":117,"column":43}},"15":{"start":{"line":132,"column":8},"end":{"line":132,"column":4077}},"16":{"start":{"line":135,"column":8},"end":{"line":135,"column":62}},"17":{"start":{"line":137,"column":8},"end":{"line":137,"column":74}},"18":{"start":{"line":138,"column":8},"end":{"line":138,"column":60}},"19":{"start":{"line":141,"column":8},"end":{"line":141,"column":4446}},"20":{"start":{"line":153,"column":8},"end":{"line":153,"column":51}},"21":{"start":{"line":154,"column":8},"end":{"line":154,"column":55}},"22":{"start":{"line":156,"column":8},"end":{"line":156,"column":69}},"23":{"start":{"line":159,"column":8},"end":{"line":159,"column":66}},"24":{"start":{"line":162,"column":8},"end":{"line":162,"column":5036}},"25":{"start":{"line":175,"column":8},"end":{"line":175,"column":36}},"26":{"start":{"line":177,"column":8},"end":{"line":177,"column":58}},"27":{"start":{"line":186,"column":8},"end":{"line":186,"column":32}},"28":{"start":{"line":195,"column":8},"end":{"line":195,"column":74}},"29":{"start":{"line":196,"column":8},"end":{"line":196,"column":55}},"30":{"start":{"line":198,"column":8},"end":{"line":198,"column":52}},"31":{"start":{"line":199,"column":8},"end":{"line":199,"column":6045}},"32":{"start":{"line":203,"column":8},"end":{"line":203,"column":53}},"33":{"start":{"line":203,"column":45},"end":{"line":203,"column":53}},"34":{"start":{"line":204,"column":8},"end":{"line":204,"column":45}},"35":{"start":{"line":215,"column":8},"end":{"line":215,"column":55}},"36":{"start":{"line":217,"column":8},"end":{"line":217,"column":6517}},"37":{"start":{"line":220,"column":12},"end":{"line":220,"column":41}},"38":{"start":{"line":223,"column":8},"end":{"line":223,"column":6761}},"39":{"start":{"line":236,"column":8},"end":{"line":236,"column":7135}},"40":{"start":{"line":254,"column":8},"end":{"line":254,"column":70}}},"branchMap":{"1":{"line":56,"type":"if","locations":[{"start":{"line":56,"column":66},"end":{"line":56,"column":66}},{"start":{"line":56,"column":66},"end":{"line":56,"column":66}}]},"2":{"line":73,"type":"if","locations":[{"start":{"line":73,"column":24},"end":{"line":73,"column":24}},{"start":{"line":73,"column":24},"end":{"line":73,"column":24}}]},"3":{"line":81,"type":"if","locations":[{"start":{"line":81,"column":24},"end":{"line":81,"column":24}},{"start":{"line":81,"column":24},"end":{"line":81,"column":24}}]},"4":{"line":84,"type":"if","locations":[{"start":{"line":84,"column":8},"end":{"line":84,"column":8}},{"start":{"line":84,"column":8},"end":{"line":84,"column":8}}]},"5":{"line":102,"type":"if","locations":[{"start":{"line":102,"column":24},"end":{"line":102,"column":24}},{"start":{"line":102,"column":24},"end":{"line":102,"column":24}}]},"6":{"line":103,"type":"if","locations":[{"start":{"line":103,"column":8},"end":{"line":103,"column":8}},{"start":{"line":103,"column":8},"end":{"line":103,"column":8}}]},"7":{"line":106,"type":"if","locations":[{"start":{"line":106,"column":8},"end":{"line":106,"column":8}},{"start":{"line":106,"column":8},"end":{"line":106,"column":8}}]},"8":{"line":131,"type":"if","locations":[{"start":{"line":131,"column":24},"end":{"line":131,"column":24}},{"start":{"line":131,"column":24},"end":{"line":131,"column":24}}]},"9":{"line":132,"type":"if","locations":[{"start":{"line":132,"column":8},"end":{"line":132,"column":8}},{"start":{"line":132,"column":8},"end":{"line":132,"column":8}}]},"10":{"line":132,"type":"cond-expr","locations":[{"start":{"line":132,"column":12},"end":{"line":132,"column":40}},{"start":{"line":132,"column":45},"end":{"line":132,"column":74}}]},"11":{"line":135,"type":"if","locations":[{"start":{"line":135,"column":8},"end":{"line":135,"column":8}},{"start":{"line":135,"column":8},"end":{"line":135,"column":8}}]},"12":{"line":138,"type":"if","locations":[{"start":{"line":138,"column":8},"end":{"line":138,"column":8}},{"start":{"line":138,"column":8},"end":{"line":138,"column":8}}]},"13":{"line":156,"type":"if","locations":[{"start":{"line":156,"column":8},"end":{"line":156,"column":8}},{"start":{"line":156,"column":8},"end":{"line":156,"column":8}}]},"14":{"line":162,"type":"if","locations":[{"start":{"line":162,"column":8},"end":{"line":162,"column":8}},{"start":{"line":162,"column":8},"end":{"line":162,"column":8}}]},"15":{"line":199,"type":"if","locations":[{"start":{"line":199,"column":8},"end":{"line":199,"column":8}},{"start":{"line":199,"column":8},"end":{"line":199,"column":8}}]},"16":{"line":203,"type":"if","locations":[{"start":{"line":203,"column":8},"end":{"line":203,"column":8}},{"start":{"line":203,"column":8},"end":{"line":203,"column":8}}]},"17":{"line":217,"type":"if","locations":[{"start":{"line":217,"column":8},"end":{"line":217,"column":8}},{"start":{"line":217,"column":8},"end":{"line":217,"column":8}}]},"18":{"line":223,"type":"if","locations":[{"start":{"line":223,"column":8},"end":{"line":223,"column":8}},{"start":{"line":223,"column":8},"end":{"line":223,"column":8}}]}}},"contracts/core/RaizoCore.sol":{"l":{"33":1,"40":165,"41":165,"43":165,"44":165,"45":165,"56":93,"60":5,"62":88,"76":78,"77":77,"78":75,"79":1,"81":74,"88":74,"89":74,"98":5,"99":1,"101":4,"102":4,"103":5,"104":4,"105":4,"106":4,"109":4,"119":5,"120":1,"121":4,"123":2,"124":2,"125":2,"134":276,"146":1,"147":1,"148":1,"149":1,"151":1,"165":105,"166":104,"168":103,"175":103,"184":4,"185":3,"186":3,"195":490,"205":29,"206":27,"207":27,"216":3,"217":1,"218":1,"225":269,"232":205},"path":"/home/kc/Workstation/hack/raizo/contracts/core/RaizoCore.sol","s":{"1":1,"2":165,"3":165,"4":165,"5":93,"6":78,"7":77,"8":75,"9":74,"10":74,"11":5,"12":4,"13":5,"14":4,"15":4,"16":5,"17":4,"18":2,"19":2,"20":276,"21":1,"22":1,"23":1,"24":1,"25":105,"26":104,"27":103,"28":4,"29":3,"30":490,"31":29,"32":27,"33":3,"34":1,"35":269,"36":205},"b":{"1":[165,2],"2":[3,2],"3":[5,88],"4":[78,2],"5":[1,77],"6":[2,75],"7":[1,1],"8":[1,74],"9":[5,2],"10":[1,4],"11":[4,1],"12":[5,1],"13":[1,4],"14":[2,2],"15":[1,1],"16":[105,1],"17":[1,104],"18":[1,103],"19":[4,1],"20":[1,3],"21":[29,1],"22":[2,27],"23":[3,1],"24":[2,1]},"f":{"1":1,"2":165,"3":3,"4":93,"5":78,"6":5,"7":5,"8":276,"9":1,"10":105,"11":4,"12":490,"13":29,"14":3,"15":269,"16":205},"fnMap":{"1":{"name":"constructor","line":32,"loc":{"start":{"line":32,"column":4},"end":{"line":34,"column":4}}},"2":{"name":"initialize","line":39,"loc":{"start":{"line":39,"column":4},"end":{"line":46,"column":4}}},"3":{"name":"_authorizeUpgrade","line":53,"loc":{"start":{"line":51,"column":4},"end":{"line":53,"column":54}}},"4":{"name":"onlyAdminOrGovernance","line":55,"loc":{"start":{"line":55,"column":4},"end":{"line":63,"column":4}}},"5":{"name":"registerProtocol","line":75,"loc":{"start":{"line":71,"column":4},"end":{"line":90,"column":4}}},"6":{"name":"deregisterProtocol","line":97,"loc":{"start":{"line":95,"column":4},"end":{"line":110,"column":4}}},"7":{"name":"updateRiskTier","line":118,"loc":{"start":{"line":115,"column":4},"end":{"line":126,"column":4}}},"8":{"name":"getProtocol","line":131,"loc":{"start":{"line":131,"column":4},"end":{"line":135,"column":4}}},"9":{"name":"getAllProtocols","line":140,"loc":{"start":{"line":140,"column":4},"end":{"line":152,"column":4}}},"10":{"name":"registerAgent","line":164,"loc":{"start":{"line":160,"column":4},"end":{"line":176,"column":4}}},"11":{"name":"deregisterAgent","line":183,"loc":{"start":{"line":181,"column":4},"end":{"line":187,"column":4}}},"12":{"name":"getAgent","line":192,"loc":{"start":{"line":192,"column":4},"end":{"line":196,"column":4}}},"13":{"name":"setConfidenceThreshold","line":204,"loc":{"start":{"line":202,"column":4},"end":{"line":208,"column":4}}},"14":{"name":"setEpochDuration","line":215,"loc":{"start":{"line":213,"column":4},"end":{"line":219,"column":4}}},"15":{"name":"getConfidenceThreshold","line":224,"loc":{"start":{"line":224,"column":4},"end":{"line":226,"column":4}}},"16":{"name":"getEpochDuration","line":231,"loc":{"start":{"line":231,"column":4},"end":{"line":233,"column":4}}}},"statementMap":{"1":{"start":{"line":33,"column":8},"end":{"line":33,"column":29}},"2":{"start":{"line":40,"column":8},"end":{"line":40,"column":29}},"3":{"start":{"line":41,"column":8},"end":{"line":41,"column":31}},"4":{"start":{"line":43,"column":8},"end":{"line":43,"column":49}},"5":{"start":{"line":56,"column":8},"end":{"line":56,"column":1847}},"6":{"start":{"line":76,"column":8},"end":{"line":76,"column":56}},"7":{"start":{"line":77,"column":8},"end":{"line":77,"column":75}},"8":{"start":{"line":78,"column":8},"end":{"line":78,"column":2648}},"9":{"start":{"line":88,"column":8},"end":{"line":88,"column":35}},"10":{"start":{"line":89,"column":8},"end":{"line":89,"column":60}},"11":{"start":{"line":98,"column":8},"end":{"line":98,"column":3234}},"12":{"start":{"line":102,"column":8},"end":{"line":102,"column":3336}},"13":{"start":{"line":103,"column":12},"end":{"line":103,"column":3405}},"14":{"start":{"line":105,"column":16},"end":{"line":105,"column":34}},"15":{"start":{"line":109,"column":8},"end":{"line":109,"column":43}},"16":{"start":{"line":119,"column":8},"end":{"line":119,"column":3870}},"17":{"start":{"line":121,"column":8},"end":{"line":121,"column":72}},"18":{"start":{"line":123,"column":8},"end":{"line":123,"column":53}},"19":{"start":{"line":125,"column":8},"end":{"line":125,"column":56}},"20":{"start":{"line":134,"column":8},"end":{"line":134,"column":35}},"21":{"start":{"line":146,"column":8},"end":{"line":146,"column":42}},"22":{"start":{"line":147,"column":8},"end":{"line":147,"column":66}},"23":{"start":{"line":148,"column":8},"end":{"line":148,"column":4656}},"24":{"start":{"line":151,"column":8},"end":{"line":151,"column":21}},"25":{"start":{"line":165,"column":8},"end":{"line":165,"column":61}},"26":{"start":{"line":166,"column":8},"end":{"line":166,"column":77}},"27":{"start":{"line":175,"column":8},"end":{"line":175,"column":52}},"28":{"start":{"line":184,"column":8},"end":{"line":184,"column":74}},"29":{"start":{"line":186,"column":8},"end":{"line":186,"column":39}},"30":{"start":{"line":195,"column":8},"end":{"line":195,"column":31}},"31":{"start":{"line":205,"column":8},"end":{"line":205,"column":65}},"32":{"start":{"line":207,"column":8},"end":{"line":207,"column":60}},"33":{"start":{"line":216,"column":8},"end":{"line":216,"column":64}},"34":{"start":{"line":218,"column":8},"end":{"line":218,"column":53}},"35":{"start":{"line":225,"column":8},"end":{"line":225,"column":35}},"36":{"start":{"line":232,"column":8},"end":{"line":232,"column":29}}},"branchMap":{"1":{"line":39,"type":"if","locations":[{"start":{"line":39,"column":33},"end":{"line":39,"column":33}},{"start":{"line":39,"column":33},"end":{"line":39,"column":33}}]},"2":{"line":53,"type":"if","locations":[{"start":{"line":53,"column":24},"end":{"line":53,"column":24}},{"start":{"line":53,"column":24},"end":{"line":53,"column":24}}]},"3":{"line":56,"type":"if","locations":[{"start":{"line":56,"column":8},"end":{"line":56,"column":8}},{"start":{"line":56,"column":8},"end":{"line":56,"column":8}}]},"4":{"line":75,"type":"if","locations":[{"start":{"line":75,"column":24},"end":{"line":75,"column":24}},{"start":{"line":75,"column":24},"end":{"line":75,"column":24}}]},"5":{"line":76,"type":"if","locations":[{"start":{"line":76,"column":8},"end":{"line":76,"column":8}},{"start":{"line":76,"column":8},"end":{"line":76,"column":8}}]},"6":{"line":77,"type":"if","locations":[{"start":{"line":77,"column":8},"end":{"line":77,"column":8}},{"start":{"line":77,"column":8},"end":{"line":77,"column":8}}]},"7":{"line":77,"type":"cond-expr","locations":[{"start":{"line":77,"column":12},"end":{"line":77,"column":24}},{"start":{"line":77,"column":29},"end":{"line":77,"column":40}}]},"8":{"line":78,"type":"if","locations":[{"start":{"line":78,"column":8},"end":{"line":78,"column":8}},{"start":{"line":78,"column":8},"end":{"line":78,"column":8}}]},"9":{"line":97,"type":"if","locations":[{"start":{"line":97,"column":24},"end":{"line":97,"column":24}},{"start":{"line":97,"column":24},"end":{"line":97,"column":24}}]},"10":{"line":98,"type":"if","locations":[{"start":{"line":98,"column":8},"end":{"line":98,"column":8}},{"start":{"line":98,"column":8},"end":{"line":98,"column":8}}]},"11":{"line":103,"type":"if","locations":[{"start":{"line":103,"column":12},"end":{"line":103,"column":12}},{"start":{"line":103,"column":12},"end":{"line":103,"column":12}}]},"12":{"line":118,"type":"if","locations":[{"start":{"line":118,"column":24},"end":{"line":118,"column":24}},{"start":{"line":118,"column":24},"end":{"line":118,"column":24}}]},"13":{"line":119,"type":"if","locations":[{"start":{"line":119,"column":8},"end":{"line":119,"column":8}},{"start":{"line":119,"column":8},"end":{"line":119,"column":8}}]},"14":{"line":121,"type":"if","locations":[{"start":{"line":121,"column":8},"end":{"line":121,"column":8}},{"start":{"line":121,"column":8},"end":{"line":121,"column":8}}]},"15":{"line":121,"type":"cond-expr","locations":[{"start":{"line":121,"column":12},"end":{"line":121,"column":23}},{"start":{"line":121,"column":28},"end":{"line":121,"column":38}}]},"16":{"line":164,"type":"if","locations":[{"start":{"line":164,"column":24},"end":{"line":164,"column":24}},{"start":{"line":164,"column":24},"end":{"line":164,"column":24}}]},"17":{"line":165,"type":"if","locations":[{"start":{"line":165,"column":8},"end":{"line":165,"column":8}},{"start":{"line":165,"column":8},"end":{"line":165,"column":8}}]},"18":{"line":166,"type":"if","locations":[{"start":{"line":166,"column":8},"end":{"line":166,"column":8}},{"start":{"line":166,"column":8},"end":{"line":166,"column":8}}]},"19":{"line":183,"type":"if","locations":[{"start":{"line":183,"column":24},"end":{"line":183,"column":24}},{"start":{"line":183,"column":24},"end":{"line":183,"column":24}}]},"20":{"line":184,"type":"if","locations":[{"start":{"line":184,"column":8},"end":{"line":184,"column":8}},{"start":{"line":184,"column":8},"end":{"line":184,"column":8}}]},"21":{"line":204,"type":"if","locations":[{"start":{"line":204,"column":24},"end":{"line":204,"column":24}},{"start":{"line":204,"column":24},"end":{"line":204,"column":24}}]},"22":{"line":205,"type":"if","locations":[{"start":{"line":205,"column":8},"end":{"line":205,"column":8}},{"start":{"line":205,"column":8},"end":{"line":205,"column":8}}]},"23":{"line":215,"type":"if","locations":[{"start":{"line":215,"column":24},"end":{"line":215,"column":24}},{"start":{"line":215,"column":24},"end":{"line":215,"column":24}}]},"24":{"line":216,"type":"if","locations":[{"start":{"line":216,"column":8},"end":{"line":216,"column":8}},{"start":{"line":216,"column":8},"end":{"line":216,"column":8}}]}}},"contracts/core/SentinelActions.sol":{"l":{"57":1,"65":64,"66":64,"67":64,"69":64,"70":64,"78":6,"95":299,"96":30,"100":269,"103":269,"105":267,"108":267,"111":265,"112":265,"113":78,"120":187,"123":184,"124":184,"127":35,"131":149,"132":149,"133":149,"134":149,"135":149,"136":149,"139":149,"145":149,"150":3,"151":3,"165":149,"185":4,"186":1,"188":3,"189":3,"203":6,"204":6,"205":5,"207":4,"210":4,"213":4,"214":5,"215":4,"216":4,"217":4,"221":4,"230":7,"231":7,"232":7,"233":7,"235":7,"244":7,"255":19,"256":19,"265":187,"266":3},"path":"/home/kc/Workstation/hack/raizo/contracts/core/SentinelActions.sol","s":{"1":1,"2":64,"3":64,"4":64,"5":64,"6":299,"7":269,"8":269,"9":267,"10":267,"11":265,"12":265,"13":187,"14":184,"15":184,"16":149,"17":149,"18":149,"19":149,"20":3,"21":3,"22":149,"23":4,"24":3,"25":6,"26":6,"27":5,"28":4,"29":4,"30":5,"31":4,"32":4,"33":7,"34":7,"35":7,"36":7,"37":7,"38":19,"39":19,"40":187},"b":{"1":[64,2],"2":[6,1],"3":[2,1],"4":[299,0],"5":[30,269],"6":[2,267],"7":[2,265],"8":[78,187],"9":[35,149],"10":[145,4],"11":[3,146],"12":[4,1],"13":[1,3],"14":[1,5],"15":[1,4],"16":[4,1],"17":[1,5],"18":[3,184]},"f":{"1":1,"2":64,"3":6,"4":2,"5":299,"6":4,"7":6,"8":7,"9":7,"10":19,"11":187},"fnMap":{"1":{"name":"constructor","line":56,"loc":{"start":{"line":56,"column":4},"end":{"line":58,"column":4}}},"2":{"name":"initialize","line":64,"loc":{"start":{"line":64,"column":4},"end":{"line":71,"column":4}}},"3":{"name":"setRelay","line":77,"loc":{"start":{"line":77,"column":4},"end":{"line":79,"column":4}}},"4":{"name":"_authorizeUpgrade","line":86,"loc":{"start":{"line":84,"column":4},"end":{"line":86,"column":54}}},"5":{"name":"executeAction","line":94,"loc":{"start":{"line":92,"column":4},"end":{"line":172,"column":4}}},"6":{"name":"executeEmergencyPause","line":184,"loc":{"start":{"line":182,"column":4},"end":{"line":190,"column":4}}},"7":{"name":"liftAction","line":200,"loc":{"start":{"line":200,"column":4},"end":{"line":222,"column":4}}},"8":{"name":"getActiveActions","line":227,"loc":{"start":{"line":227,"column":4},"end":{"line":236,"column":4}}},"9":{"name":"isProtocolPaused","line":241,"loc":{"start":{"line":241,"column":4},"end":{"line":247,"column":4}}},"10":{"name":"getActionCount","line":252,"loc":{"start":{"line":252,"column":4},"end":{"line":257,"column":4}}},"11":{"name":"_verifySignatures","line":262,"loc":{"start":{"line":262,"column":4},"end":{"line":268,"column":4}}}},"statementMap":{"1":{"start":{"line":57,"column":8},"end":{"line":57,"column":29}},"2":{"start":{"line":65,"column":8},"end":{"line":65,"column":29}},"3":{"start":{"line":66,"column":8},"end":{"line":66,"column":31}},"4":{"start":{"line":67,"column":8},"end":{"line":67,"column":31}},"5":{"start":{"line":69,"column":8},"end":{"line":69,"column":49}},"6":{"start":{"line":95,"column":8},"end":{"line":95,"column":3076}},"7":{"start":{"line":100,"column":8},"end":{"line":100,"column":3244}},"8":{"start":{"line":103,"column":8},"end":{"line":103,"column":79}},"9":{"start":{"line":105,"column":8},"end":{"line":105,"column":3446}},"10":{"start":{"line":108,"column":8},"end":{"line":108,"column":66}},"11":{"start":{"line":111,"column":8},"end":{"line":111,"column":65}},"12":{"start":{"line":112,"column":8},"end":{"line":112,"column":3712}},"13":{"start":{"line":120,"column":8},"end":{"line":120,"column":32}},"14":{"start":{"line":123,"column":8},"end":{"line":123,"column":70}},"15":{"start":{"line":124,"column":8},"end":{"line":124,"column":4130}},"16":{"start":{"line":131,"column":8},"end":{"line":131,"column":50}},"17":{"start":{"line":135,"column":8},"end":{"line":135,"column":74}},"18":{"start":{"line":139,"column":8},"end":{"line":139,"column":4703}},"19":{"start":{"line":145,"column":8},"end":{"line":145,"column":4964}},"20":{"start":{"line":150,"column":12},"end":{"line":150,"column":40}},"21":{"start":{"line":151,"column":12},"end":{"line":151,"column":5303}},"22":{"start":{"line":165,"column":8},"end":{"line":165,"column":5763}},"23":{"start":{"line":185,"column":8},"end":{"line":185,"column":6347}},"24":{"start":{"line":189,"column":8},"end":{"line":189,"column":49}},"25":{"start":{"line":203,"column":8},"end":{"line":203,"column":55}},"26":{"start":{"line":204,"column":8},"end":{"line":204,"column":74}},"27":{"start":{"line":205,"column":8},"end":{"line":205,"column":70}},"28":{"start":{"line":210,"column":8},"end":{"line":210,"column":7377}},"29":{"start":{"line":213,"column":8},"end":{"line":213,"column":7484}},"30":{"start":{"line":214,"column":12},"end":{"line":214,"column":7550}},"31":{"start":{"line":216,"column":16},"end":{"line":216,"column":31}},"32":{"start":{"line":221,"column":8},"end":{"line":221,"column":58}},"33":{"start":{"line":230,"column":8},"end":{"line":230,"column":63}},"34":{"start":{"line":231,"column":8},"end":{"line":231,"column":69}},"35":{"start":{"line":232,"column":8},"end":{"line":232,"column":8110}},"36":{"start":{"line":235,"column":8},"end":{"line":235,"column":21}},"37":{"start":{"line":244,"column":8},"end":{"line":244,"column":8444}},"38":{"start":{"line":255,"column":8},"end":{"line":255,"column":70}},"39":{"start":{"line":256,"column":8},"end":{"line":256,"column":44}},"40":{"start":{"line":265,"column":8},"end":{"line":265,"column":9103}}},"branchMap":{"1":{"line":64,"type":"if","locations":[{"start":{"line":64,"column":51},"end":{"line":64,"column":51}},{"start":{"line":64,"column":51},"end":{"line":64,"column":51}}]},"2":{"line":77,"type":"if","locations":[{"start":{"line":77,"column":47},"end":{"line":77,"column":47}},{"start":{"line":77,"column":47},"end":{"line":77,"column":47}}]},"3":{"line":86,"type":"if","locations":[{"start":{"line":86,"column":24},"end":{"line":86,"column":24}},{"start":{"line":86,"column":24},"end":{"line":86,"column":24}}]},"4":{"line":94,"type":"if","locations":[{"start":{"line":94,"column":24},"end":{"line":94,"column":24}},{"start":{"line":94,"column":24},"end":{"line":94,"column":24}}]},"5":{"line":95,"type":"if","locations":[{"start":{"line":95,"column":8},"end":{"line":95,"column":8}},{"start":{"line":95,"column":8},"end":{"line":95,"column":8}}]},"6":{"line":103,"type":"if","locations":[{"start":{"line":103,"column":8},"end":{"line":103,"column":8}},{"start":{"line":103,"column":8},"end":{"line":103,"column":8}}]},"7":{"line":108,"type":"if","locations":[{"start":{"line":108,"column":8},"end":{"line":108,"column":8}},{"start":{"line":108,"column":8},"end":{"line":108,"column":8}}]},"8":{"line":112,"type":"if","locations":[{"start":{"line":112,"column":8},"end":{"line":112,"column":8}},{"start":{"line":112,"column":8},"end":{"line":112,"column":8}}]},"9":{"line":124,"type":"if","locations":[{"start":{"line":124,"column":8},"end":{"line":124,"column":8}},{"start":{"line":124,"column":8},"end":{"line":124,"column":8}}]},"10":{"line":139,"type":"if","locations":[{"start":{"line":139,"column":8},"end":{"line":139,"column":8}},{"start":{"line":139,"column":8},"end":{"line":139,"column":8}}]},"11":{"line":145,"type":"if","locations":[{"start":{"line":145,"column":8},"end":{"line":145,"column":8}},{"start":{"line":145,"column":8},"end":{"line":145,"column":8}}]},"12":{"line":184,"type":"if","locations":[{"start":{"line":184,"column":24},"end":{"line":184,"column":24}},{"start":{"line":184,"column":24},"end":{"line":184,"column":24}}]},"13":{"line":185,"type":"if","locations":[{"start":{"line":185,"column":8},"end":{"line":185,"column":8}},{"start":{"line":185,"column":8},"end":{"line":185,"column":8}}]},"14":{"line":204,"type":"if","locations":[{"start":{"line":204,"column":8},"end":{"line":204,"column":8}},{"start":{"line":204,"column":8},"end":{"line":204,"column":8}}]},"15":{"line":205,"type":"if","locations":[{"start":{"line":205,"column":8},"end":{"line":205,"column":8}},{"start":{"line":205,"column":8},"end":{"line":205,"column":8}}]},"16":{"line":214,"type":"if","locations":[{"start":{"line":214,"column":12},"end":{"line":214,"column":12}},{"start":{"line":214,"column":12},"end":{"line":214,"column":12}}]},"17":{"line":245,"type":"cond-expr","locations":[{"start":{"line":245,"column":12},"end":{"line":245,"column":37}},{"start":{"line":246,"column":12},"end":{"line":246,"column":54}}]},"18":{"line":265,"type":"if","locations":[{"start":{"line":265,"column":8},"end":{"line":265,"column":8}},{"start":{"line":265,"column":8},"end":{"line":265,"column":8}}]}}},"contracts/core/TimelockUpgradeController.sol":{"l":{"68":23,"69":23,"70":23,"71":23,"84":21,"85":2,"87":19,"90":19,"91":0,"93":19,"95":19,"104":19,"106":19,"118":8,"119":8,"120":1,"122":7,"123":7,"125":7,"135":5,"136":5,"137":1,"138":4,"139":1,"140":3,"141":2,"143":1,"147":1,"154":1,"156":1,"170":4,"171":4,"172":1,"174":3,"176":3,"184":4,"188":2,"192":2,"196":1},"path":"/home/kc/Workstation/hack/raizo/contracts/core/TimelockUpgradeController.sol","s":{"1":23,"2":23,"3":23,"4":23,"5":21,"6":19,"7":19,"8":19,"9":19,"10":8,"11":8,"12":7,"13":5,"14":5,"15":4,"16":3,"17":1,"18":1,"19":1,"20":4,"21":4,"22":3,"23":4,"24":2,"25":2,"26":1},"b":{"1":[21,1],"2":[2,19],"3":[1,1],"4":[0,19],"5":[8,1],"6":[1,7],"7":[5,1],"8":[1,4],"9":[1,3],"10":[2,1],"11":[1,0],"12":[4,1],"13":[1,3]},"f":{"1":23,"2":21,"3":8,"4":5,"5":4,"6":4,"7":2,"8":2,"9":1},"fnMap":{"1":{"name":"constructor","line":67,"loc":{"start":{"line":67,"column":4},"end":{"line":72,"column":4}}},"2":{"name":"proposeUpgrade","line":83,"loc":{"start":{"line":80,"column":4},"end":{"line":107,"column":4}}},"3":{"name":"approveUpgrade","line":117,"loc":{"start":{"line":114,"column":4},"end":{"line":126,"column":4}}},"4":{"name":"executeUpgrade","line":134,"loc":{"start":{"line":132,"column":4},"end":{"line":161,"column":4}}},"5":{"name":"cancelUpgrade","line":169,"loc":{"start":{"line":167,"column":4},"end":{"line":177,"column":4}}},"6":{"name":"getProposal","line":181,"loc":{"start":{"line":181,"column":4},"end":{"line":185,"column":4}}},"7":{"name":"isApproved","line":187,"loc":{"start":{"line":187,"column":4},"end":{"line":189,"column":4}}},"8":{"name":"getProposalCount","line":191,"loc":{"start":{"line":191,"column":4},"end":{"line":193,"column":4}}},"9":{"name":"getProposalIdAt","line":195,"loc":{"start":{"line":195,"column":4},"end":{"line":197,"column":4}}}},"statementMap":{"1":{"start":{"line":68,"column":8},"end":{"line":68,"column":44}},"2":{"start":{"line":69,"column":8},"end":{"line":69,"column":42}},"3":{"start":{"line":70,"column":8},"end":{"line":70,"column":42}},"4":{"start":{"line":71,"column":8},"end":{"line":71,"column":40}},"5":{"start":{"line":84,"column":8},"end":{"line":84,"column":2865}},"6":{"start":{"line":90,"column":8},"end":{"line":90,"column":3103}},"7":{"start":{"line":93,"column":8},"end":{"line":93,"column":53}},"8":{"start":{"line":104,"column":8},"end":{"line":104,"column":36}},"9":{"start":{"line":106,"column":8},"end":{"line":106,"column":75}},"10":{"start":{"line":118,"column":8},"end":{"line":118,"column":65}},"11":{"start":{"line":119,"column":8},"end":{"line":119,"column":4116}},"12":{"start":{"line":125,"column":8},"end":{"line":125,"column":74}},"13":{"start":{"line":135,"column":8},"end":{"line":135,"column":65}},"14":{"start":{"line":136,"column":8},"end":{"line":136,"column":4716}},"15":{"start":{"line":138,"column":8},"end":{"line":138,"column":4820}},"16":{"start":{"line":140,"column":8},"end":{"line":140,"column":4942}},"17":{"start":{"line":147,"column":8},"end":{"line":147,"column":5214}},"18":{"start":{"line":154,"column":8},"end":{"line":154,"column":46}},"19":{"start":{"line":156,"column":8},"end":{"line":156,"column":5488}},"20":{"start":{"line":170,"column":8},"end":{"line":170,"column":65}},"21":{"start":{"line":171,"column":8},"end":{"line":171,"column":5947}},"22":{"start":{"line":176,"column":8},"end":{"line":176,"column":41}},"23":{"start":{"line":184,"column":8},"end":{"line":184,"column":37}},"24":{"start":{"line":188,"column":8},"end":{"line":188,"column":48}},"25":{"start":{"line":192,"column":8},"end":{"line":192,"column":34}},"26":{"start":{"line":196,"column":8},"end":{"line":196,"column":34}}},"branchMap":{"1":{"line":83,"type":"if","locations":[{"start":{"line":83,"column":15},"end":{"line":83,"column":15}},{"start":{"line":83,"column":15},"end":{"line":83,"column":15}}]},"2":{"line":84,"type":"if","locations":[{"start":{"line":84,"column":8},"end":{"line":84,"column":8}},{"start":{"line":84,"column":8},"end":{"line":84,"column":8}}]},"3":{"line":84,"type":"cond-expr","locations":[{"start":{"line":84,"column":12},"end":{"line":84,"column":30}},{"start":{"line":84,"column":35},"end":{"line":84,"column":65}}]},"4":{"line":90,"type":"if","locations":[{"start":{"line":90,"column":8},"end":{"line":90,"column":8}},{"start":{"line":90,"column":8},"end":{"line":90,"column":8}}]},"5":{"line":117,"type":"if","locations":[{"start":{"line":117,"column":15},"end":{"line":117,"column":15}},{"start":{"line":117,"column":15},"end":{"line":117,"column":15}}]},"6":{"line":119,"type":"if","locations":[{"start":{"line":119,"column":8},"end":{"line":119,"column":8}},{"start":{"line":119,"column":8},"end":{"line":119,"column":8}}]},"7":{"line":134,"type":"if","locations":[{"start":{"line":134,"column":15},"end":{"line":134,"column":15}},{"start":{"line":134,"column":15},"end":{"line":134,"column":15}}]},"8":{"line":136,"type":"if","locations":[{"start":{"line":136,"column":8},"end":{"line":136,"column":8}},{"start":{"line":136,"column":8},"end":{"line":136,"column":8}}]},"9":{"line":138,"type":"if","locations":[{"start":{"line":138,"column":8},"end":{"line":138,"column":8}},{"start":{"line":138,"column":8},"end":{"line":138,"column":8}}]},"10":{"line":140,"type":"if","locations":[{"start":{"line":140,"column":8},"end":{"line":140,"column":8}},{"start":{"line":140,"column":8},"end":{"line":140,"column":8}}]},"11":{"line":154,"type":"if","locations":[{"start":{"line":154,"column":8},"end":{"line":154,"column":8}},{"start":{"line":154,"column":8},"end":{"line":154,"column":8}}]},"12":{"line":169,"type":"if","locations":[{"start":{"line":169,"column":15},"end":{"line":169,"column":15}},{"start":{"line":169,"column":15},"end":{"line":169,"column":15}}]},"13":{"line":171,"type":"if","locations":[{"start":{"line":171,"column":8},"end":{"line":171,"column":8}},{"start":{"line":171,"column":8},"end":{"line":171,"column":8}}]}}},"contracts/test/MockUpgradeTarget.sol":{"l":{"17":1,"18":1},"path":"/home/kc/Workstation/hack/raizo/contracts/test/MockUpgradeTarget.sol","s":{"1":1},"b":{},"f":{"1":1},"fnMap":{"1":{"name":"upgradeToAndCall","line":13,"loc":{"start":{"line":13,"column":4},"end":{"line":19,"column":4}}}},"statementMap":{"1":{"start":{"line":18,"column":8},"end":{"line":18,"column":48}}},"branchMap":{}}}