TN:
SF:/home/kc/Workstation/hack/raizo/contracts/bridge/CrossChainRelay.sol
FN:46,constructor
FN:60,initialize
FN:74,sendAlert
FN:140,ccipReceive
FN:206,whitelistSourceChain
FN:220,whitelistSourceSender
FN:235,isSourceChainWhitelisted
FN:244,isSourceSenderWhitelisted
FN:253,_authorizeUpgrade
FNF:9
FNH:9
FNDA:1,constructor
FNDA:31,initialize
FNDA:5,sendAlert
FNDA:13,ccipReceive
FNDA:12,whitelistSourceChain
FNDA:9,whitelistSourceSender
FNDA:1,isSourceChainWhitelisted
FNDA:1,isSourceSenderWhitelisted
FNDA:1,_authorizeUpgrade
DA:47,1
DA:61,31
DA:62,31
DA:64,31
DA:66,31
DA:67,31
DA:68,31
DA:82,5
DA:84,5
DA:85,5
DA:86,5
DA:87,4
DA:88,3
DA:89,3
DA:90,3
DA:95,5
DA:96,2
DA:97,2
DA:98,2
DA:99,2
DA:102,5
DA:118,5
DA:120,5
DA:128,5
DA:129,5
DA:134,5
DA:144,13
DA:145,2
DA:148,11
DA:149,11
DA:150,2
DA:154,9
DA:158,9
DA:161,1
DA:165,8
DA:166,3
DA:170,5
DA:184,5
DA:185,5
DA:187,5
DA:192,5
DA:207,12
DA:208,1
DA:210,11
DA:211,11
DA:225,9
DA:226,1
DA:228,8
DA:229,8
DA:238,1
DA:248,1
LF:51
LH:51
BRDA:60,1,0,31
BRDA:60,1,1,2
BRDA:87,2,0,3
BRDA:87,2,1,1
BRDA:95,3,0,2
BRDA:95,3,1,3
BRDA:144,4,0,2
BRDA:144,4,1,11
BRDA:149,5,0,2
BRDA:149,5,1,9
BRDA:158,6,0,1
BRDA:158,6,1,8
BRDA:165,7,0,3
BRDA:165,7,1,5
BRDA:207,8,0,1
BRDA:207,8,1,11
BRDA:225,9,0,1
BRDA:225,9,1,8
BRDA:253,10,0,1
BRDA:253,10,1,1
BRF:20
BRH:20
end_of_record
TN:
SF:/home/kc/Workstation/hack/raizo/contracts/bridge/interfaces/ICrossChainRelay.sol
FNF:0
FNH:0
LF:0
LH:0
BRF:0
BRH:0
end_of_record
TN:
SF:/home/kc/Workstation/hack/raizo/contracts/core/ComplianceVault.sol
FN:23,constructor
FN:30,storeReport
FN:71,getReport
FN:84,getReportsByType
FN:100,getReportsByChain
FN:116,getReportCount
FNF:6
FNH:6
FNDA:27,constructor
FNDA:42,storeReport
FNDA:4,getReport
FNDA:3,getReportsByType
FNDA:6,getReportsByChain
FNDA:3,getReportCount
DA:24,27
DA:37,42
DA:41,5
DA:43,37
DA:44,36
DA:45,2
DA:47,34
DA:48,2
DA:51,32
DA:60,32
DA:61,32
DA:62,32
DA:63,32
DA:65,32
DA:74,4
DA:75,4
DA:76,1
DA:78,3
DA:87,3
DA:88,3
DA:91,3
DA:92,3
DA:94,3
DA:103,6
DA:104,6
DA:107,6
DA:108,5
DA:110,6
DA:117,3
LF:29
LH:29
BRDA:37,1,0,5
BRDA:37,1,1,37
BRDA:43,2,0,1
BRDA:43,2,1,36
BRDA:44,3,0,2
BRDA:44,3,1,34
BRDA:47,4,0,2
BRDA:47,4,1,32
BRDA:47,5,0,1
BRDA:47,5,1,1
BRDA:75,6,0,1
BRDA:75,6,1,3
BRF:12
BRH:12
end_of_record
TN:
SF:/home/kc/Workstation/hack/raizo/contracts/core/GovernanceGate.sol
FN:28,constructor
FN:36,initialize
FN:49,_authorizeUpgrade
FN:62,propose
FN:106,vote
FN:147,execute
FN:162,getProposal
FNF:7
FNH:7
FNDA:1,constructor
FNDA:28,initialize
FNDA:1,_authorizeUpgrade
FNDA:22,propose
FNDA:17,vote
FNDA:6,execute
FNDA:13,getProposal
DA:29,1
DA:37,28
DA:38,28
DA:40,28
DA:41,28
DA:68,22
DA:71,21
DA:80,16
DA:82,16
DA:83,16
DA:94,16
DA:113,17
DA:114,17
DA:115,2
DA:116,15
DA:117,15
DA:120,13
DA:131,12
DA:133,12
DA:134,10
DA:136,2
DA:139,12
DA:148,6
DA:149,6
DA:150,5
DA:151,1
DA:152,4
DA:153,1
DA:155,3
DA:156,3
DA:165,13
LF:31
LH:31
BRDA:36,1,0,28
BRDA:36,1,1,2
BRDA:49,2,0,1
BRDA:49,2,1,1
BRDA:68,3,0,1
BRDA:68,3,1,21
BRDA:114,4,0,2
BRDA:114,4,1,15
BRDA:116,5,0,0
BRDA:116,5,1,15
BRDA:117,6,0,2
BRDA:117,6,1,13
BRDA:133,7,0,10
BRDA:133,7,1,2
BRDA:149,8,0,1
BRDA:149,8,1,5
BRDA:150,9,0,1
BRDA:150,9,1,4
BRDA:152,10,0,1
BRDA:152,10,1,3
BRF:20
BRH:19
end_of_record
TN:
SF:/home/kc/Workstation/hack/raizo/contracts/core/interfaces/IComplianceVault.sol
FNF:0
FNH:0
LF:0
LH:0
BRF:0
BRH:0
end_of_record
TN:
SF:/home/kc/Workstation/hack/raizo/contracts/core/interfaces/IGovernanceGate.sol
FNF:0
FNH:0
LF:0
LH:0
BRF:0
BRH:0
end_of_record
TN:
SF:/home/kc/Workstation/hack/raizo/contracts/core/interfaces/IPaymentEscrow.sol
FNF:0
FNH:0
LF:0
LH:0
BRF:0
BRH:0
end_of_record
TN:
SF:/home/kc/Workstation/hack/raizo/contracts/core/interfaces/IRaizoCore.sol
FNF:0
FNH:0
LF:0
LH:0
BRF:0
BRH:0
end_of_record
TN:
SF:/home/kc/Workstation/hack/raizo/contracts/core/interfaces/ISentinelActions.sol
FNF:0
FNH:0
LF:0
LH:0
BRF:0
BRH:0
end_of_record
TN:
SF:/home/kc/Workstation/hack/raizo/contracts/core/interfaces/IWorldID.sol
FNF:0
FNH:0
LF:0
LH:0
BRF:0
BRH:0
end_of_record
TN:
SF:/home/kc/Workstation/hack/raizo/contracts/core/PaymentEscrow.sol
FN:47,constructor
FN:56,initialize
FN:73,_authorizeUpgrade
FN:81,deposit
FN:102,withdraw
FN:131,authorizePayment
FN:183,getWallet
FN:192,getDailyRemaining
FN:210,_enforceDailyLimit
FN:235,_domainSeparatorV4
FN:251,_hashTypedDataV4
FNF:11
FNH:11
FNDA:1,constructor
FNDA:53,initialize
FNDA:1,_authorizeUpgrade
FNDA:44,deposit
FNDA:3,withdraw
FNDA:173,authorizePayment
FNDA:11,getWallet
FNDA:8,getDailyRemaining
FNDA:139,_enforceDailyLimit
FNDA:151,_domainSeparatorV4
FNDA:151,_hashTypedDataV4
DA:48,1
DA:57,53
DA:58,53
DA:59,53
DA:61,53
DA:62,53
DA:64,53
DA:65,53
DA:83,44
DA:84,44
DA:85,1
DA:87,43
DA:88,43
DA:90,43
DA:92,43
DA:103,3
DA:104,1
DA:106,2
DA:107,1
DA:114,1
DA:115,1
DA:117,1
DA:132,173
DA:133,15
DA:135,158
DA:137,152
DA:138,152
DA:141,151
DA:153,151
DA:154,151
DA:156,147
DA:159,139
DA:162,82
DA:163,2
DA:171,80
DA:172,80
DA:173,80
DA:175,80
DA:177,80
DA:186,11
DA:195,8
DA:196,8
DA:198,8
DA:199,8
DA:200,2
DA:203,8
DA:204,7
DA:215,139
DA:217,139
DA:218,32
DA:219,32
DA:220,32
DA:223,139
DA:224,57
DA:236,151
DA:254,151
LF:56
LH:56
BRDA:56,1,0,53
BRDA:56,1,1,2
BRDA:73,2,0,1
BRDA:73,2,1,1
BRDA:81,3,0,44
BRDA:81,3,1,0
BRDA:84,4,0,1
BRDA:84,4,1,43
BRDA:102,5,0,3
BRDA:102,5,1,0
BRDA:103,6,0,1
BRDA:103,6,1,2
BRDA:106,7,0,1
BRDA:106,7,1,1
BRDA:131,8,0,173
BRDA:131,8,1,0
BRDA:132,9,0,15
BRDA:132,9,1,158
BRDA:132,10,0,12
BRDA:132,10,1,3
BRDA:135,11,0,6
BRDA:135,11,1,152
BRDA:138,12,0,1
BRDA:138,12,1,151
BRDA:156,13,0,8
BRDA:156,13,1,139
BRDA:162,14,0,2
BRDA:162,14,1,80
BRDA:199,15,0,2
BRDA:199,15,1,6
BRDA:203,16,0,1
BRDA:203,16,1,7
BRDA:217,17,0,32
BRDA:217,17,1,107
BRDA:223,18,0,57
BRDA:223,18,1,82
BRF:36
BRH:33
end_of_record
TN:
SF:/home/kc/Workstation/hack/raizo/contracts/core/RaizoCore.sol
FN:32,constructor
FN:39,initialize
FN:53,_authorizeUpgrade
FN:55,onlyAdminOrGovernance
FN:75,registerProtocol
FN:97,deregisterProtocol
FN:118,updateRiskTier
FN:131,getProtocol
FN:140,getAllProtocols
FN:164,registerAgent
FN:183,deregisterAgent
FN:192,getAgent
FN:204,setConfidenceThreshold
FN:215,setEpochDuration
FN:224,getConfidenceThreshold
FN:231,getEpochDuration
FNF:16
FNH:16
FNDA:1,constructor
FNDA:165,initialize
FNDA:3,_authorizeUpgrade
FNDA:93,onlyAdminOrGovernance
FNDA:78,registerProtocol
FNDA:5,deregisterProtocol
FNDA:5,updateRiskTier
FNDA:276,getProtocol
FNDA:1,getAllProtocols
FNDA:105,registerAgent
FNDA:4,deregisterAgent
FNDA:490,getAgent
FNDA:29,setConfidenceThreshold
FNDA:3,setEpochDuration
FNDA:269,getConfidenceThreshold
FNDA:205,getEpochDuration
DA:33,1
DA:40,165
DA:41,165
DA:43,165
DA:44,165
DA:45,165
DA:56,93
DA:60,5
DA:62,88
DA:76,78
DA:77,77
DA:78,75
DA:79,1
DA:81,74
DA:88,74
DA:89,74
DA:98,5
DA:99,1
DA:101,4
DA:102,4
DA:103,5
DA:104,4
DA:105,4
DA:106,4
DA:109,4
DA:119,5
DA:120,1
DA:121,4
DA:123,2
DA:124,2
DA:125,2
DA:134,276
DA:146,1
DA:147,1
DA:148,1
DA:149,1
DA:151,1
DA:165,105
DA:166,104
DA:168,103
DA:175,103
DA:184,4
DA:185,3
DA:186,3
DA:195,490
DA:205,29
DA:206,27
DA:207,27
DA:216,3
DA:217,1
DA:218,1
DA:225,269
DA:232,205
LF:53
LH:53
BRDA:39,1,0,165
BRDA:39,1,1,2
BRDA:53,2,0,3
BRDA:53,2,1,2
BRDA:56,3,0,5
BRDA:56,3,1,88
BRDA:75,4,0,78
BRDA:75,4,1,2
BRDA:76,5,0,1
BRDA:76,5,1,77
BRDA:77,6,0,2
BRDA:77,6,1,75
BRDA:77,7,0,1
BRDA:77,7,1,1
BRDA:78,8,0,1
BRDA:78,8,1,74
BRDA:97,9,0,5
BRDA:97,9,1,2
BRDA:98,10,0,1
BRDA:98,10,1,4
BRDA:103,11,0,4
BRDA:103,11,1,1
BRDA:118,12,0,5
BRDA:118,12,1,1
BRDA:119,13,0,1
BRDA:119,13,1,4
BRDA:121,14,0,2
BRDA:121,14,1,2
BRDA:121,15,0,1
BRDA:121,15,1,1
BRDA:164,16,0,105
BRDA:164,16,1,1
BRDA:165,17,0,1
BRDA:165,17,1,104
BRDA:166,18,0,1
BRDA:166,18,1,103
BRDA:183,19,0,4
BRDA:183,19,1,1
BRDA:184,20,0,1
BRDA:184,20,1,3
BRDA:204,21,0,29
BRDA:204,21,1,1
BRDA:205,22,0,2
BRDA:205,22,1,27
BRDA:215,23,0,3
BRDA:215,23,1,1
BRDA:216,24,0,2
BRDA:216,24,1,1
BRF:48
BRH:48
end_of_record
TN:
SF:/home/kc/Workstation/hack/raizo/contracts/core/SentinelActions.sol
FN:56,constructor
FN:64,initialize
FN:77,setRelay
FN:86,_authorizeUpgrade
FN:94,executeAction
FN:184,executeEmergencyPause
FN:200,liftAction
FN:227,getActiveActions
FN:241,isProtocolPaused
FN:252,getActionCount
FN:262,_verifySignatures
FNF:11
FNH:11
FNDA:1,constructor
FNDA:64,initialize
FNDA:6,setRelay
FNDA:2,_authorizeUpgrade
FNDA:299,executeAction
FNDA:4,executeEmergencyPause
FNDA:6,liftAction
FNDA:7,getActiveActions
FNDA:7,isProtocolPaused
FNDA:19,getActionCount
FNDA:187,_verifySignatures
DA:57,1
DA:65,64
DA:66,64
DA:67,64
DA:69,64
DA:70,64
DA:78,6
DA:95,299
DA:96,30
DA:100,269
DA:103,269
DA:105,267
DA:108,267
DA:111,265
DA:112,265
DA:113,78
DA:120,187
DA:123,184
DA:124,184
DA:127,35
DA:131,149
DA:132,149
DA:133,149
DA:134,149
DA:135,149
DA:136,149
DA:139,149
DA:145,149
DA:150,3
DA:151,3
DA:165,149
DA:185,4
DA:186,1
DA:188,3
DA:189,3
DA:203,6
DA:204,6
DA:205,5
DA:207,4
DA:210,4
DA:213,4
DA:214,5
DA:215,4
DA:216,4
DA:217,4
DA:221,4
DA:230,7
DA:231,7
DA:232,7
DA:233,7
DA:235,7
DA:244,7
DA:255,19
DA:256,19
DA:265,187
DA:266,3
LF:56
LH:56
BRDA:64,1,0,64
BRDA:64,1,1,2
BRDA:77,2,0,6
BRDA:77,2,1,1
BRDA:86,3,0,2
BRDA:86,3,1,1
BRDA:94,4,0,299
BRDA:94,4,1,0
BRDA:95,5,0,30
BRDA:95,5,1,269
BRDA:103,6,0,2
BRDA:103,6,1,267
BRDA:108,7,0,2
BRDA:108,7,1,265
BRDA:112,8,0,78
BRDA:112,8,1,187
BRDA:124,9,0,35
BRDA:124,9,1,149
BRDA:139,10,0,145
BRDA:139,10,1,4
BRDA:145,11,0,3
BRDA:145,11,1,146
BRDA:184,12,0,4
BRDA:184,12,1,1
BRDA:185,13,0,1
BRDA:185,13,1,3
BRDA:204,14,0,1
BRDA:204,14,1,5
BRDA:205,15,0,1
BRDA:205,15,1,4
BRDA:214,16,0,4
BRDA:214,16,1,1
BRDA:245,17,0,1
BRDA:245,17,1,5
BRDA:265,18,0,3
BRDA:265,18,1,184
BRF:36
BRH:35
end_of_record
TN:
SF:/home/kc/Workstation/hack/raizo/contracts/core/TimelockUpgradeController.sol
FN:67,constructor
FN:83,proposeUpgrade
FN:117,approveUpgrade
FN:134,executeUpgrade
FN:169,cancelUpgrade
FN:181,getProposal
FN:187,isApproved
FN:191,getProposalCount
FN:195,getProposalIdAt
FNF:9
FNH:9
FNDA:23,constructor
FNDA:21,proposeUpgrade
FNDA:8,approveUpgrade
FNDA:5,executeUpgrade
FNDA:4,cancelUpgrade
FNDA:4,getProposal
FNDA:2,isApproved
FNDA:2,getProposalCount
FNDA:1,getProposalIdAt
DA:68,23
DA:69,23
DA:70,23
DA:71,23
DA:84,21
DA:85,2
DA:87,19
DA:90,19
DA:91,0
DA:93,19
DA:95,19
DA:104,19
DA:106,19
DA:118,8
DA:119,8
DA:120,1
DA:122,7
DA:123,7
DA:125,7
DA:135,5
DA:136,5
DA:137,1
DA:138,4
DA:139,1
DA:140,3
DA:141,2
DA:143,1
DA:147,1
DA:154,1
DA:156,1
DA:170,4
DA:171,4
DA:172,1
DA:174,3
DA:176,3
DA:184,4
DA:188,2
DA:192,2
DA:196,1
LF:39
LH:38
BRDA:83,1,0,21
BRDA:83,1,1,1
BRDA:84,2,0,2
BRDA:84,2,1,19
BRDA:84,3,0,1
BRDA:84,3,1,1
BRDA:90,4,0,0
BRDA:90,4,1,19
BRDA:117,5,0,8
BRDA:117,5,1,1
BRDA:119,6,0,1
BRDA:119,6,1,7
BRDA:134,7,0,5
BRDA:134,7,1,1
BRDA:136,8,0,1
BRDA:136,8,1,4
BRDA:138,9,0,1
BRDA:138,9,1,3
BRDA:140,10,0,2
BRDA:140,10,1,1
BRDA:154,11,0,1
BRDA:154,11,1,0
BRDA:169,12,0,4
BRDA:169,12,1,1
BRDA:171,13,0,1
BRDA:171,13,1,3
BRF:26
BRH:24
end_of_record
TN:
SF:/home/kc/Workstation/hack/raizo/contracts/test/MockUpgradeTarget.sol
FN:13,upgradeToAndCall
FNF:1
FNH:1
FNDA:1,upgradeToAndCall
DA:17,1
DA:18,1
LF:2
LH:2
BRF:0
BRH:0
end_of_record
